<?xml version="1.0" encoding="UTF-8"?>
<testng-results skipped="0" failed="0" total="2" passed="2">
  <reporter-output>
  </reporter-output>
  <suite name="Default suite" duration-ms="23581" started-at="2014-09-28T06:53:34Z" finished-at="2014-09-28T06:53:57Z">
    <groups>
    </groups>
    <test name="Default test" duration-ms="23581" started-at="2014-09-28T06:53:34Z" finished-at="2014-09-28T06:53:57Z">
      <class name="tests.WDTest">
        <test-method status="PASS" signature="beforeTestSetup()[pri:0, instance:tests.WDTest@6b624317]" name="beforeTestSetup" is-config="true" duration-ms="12715" started-at="2014-09-28T12:23:34Z" finished-at="2014-09-28T12:23:46Z">
          <reporter-output>
          </reporter-output>
        </test-method> <!-- beforeTestSetup -->
        <test-method status="PASS" signature="startTest(java.lang.String)[pri:0, instance:tests.WDTest@6b624317]" name="startTest" duration-ms="6834" started-at="2014-09-28T12:23:47Z" data-provider="DP1" finished-at="2014-09-28T12:23:54Z">
          <params>
            <param index="0">
              <value>
                <![CDATA[http://staging.gateway.conveybilling.com/?pid=6&territory=AU&mobile_carrier_id=2]]>
              </value>
            </param>
          </params>
          <reporter-output>
          </reporter-output>
        </test-method> <!-- startTest -->
        <test-method status="PASS" signature="startTest(java.lang.String)[pri:0, instance:tests.WDTest@6b624317]" name="startTest" duration-ms="3404" started-at="2014-09-28T12:23:54Z" data-provider="DP1" finished-at="2014-09-28T12:23:57Z">
          <params>
            <param index="0">
              <value>
                <![CDATA[http://staging.gateway.conveybilling.com/gateway-success/?pid=6&territory=AU&mobile_carrier_id=2]]>
              </value>
            </param>
          </params>
          <reporter-output>
          </reporter-output>
        </test-method> <!-- startTest -->
        <test-method status="PASS" signature="teardown()[pri:0, instance:tests.WDTest@6b624317]" name="teardown" is-config="true" duration-ms="38" started-at="2014-09-28T12:23:57Z" finished-at="2014-09-28T12:23:57Z">
          <reporter-output>
          </reporter-output>
        </test-method> <!-- teardown -->
      </class> <!-- tests.WDTest -->
    </test> <!-- Default test -->
  </suite> <!-- Default suite -->
</testng-results>
